<?xml version="1.0" encoding="UTF-8"?>
<!-- Generated by org.testng.reporters.JUnitReportReporter -->
<testsuite hostname="SUBHA-DAS" failures="0" tests="3" name="test.DescriptionAttributeTest" time="0.002" errors="0" timestamp="2022-05-05T12:43:23 IST" skipped="0">
  <testcase classname="test.DescriptionAttributeTest" name="test1" time="0.001"/>
  <system-out/>
  <testcase classname="test.DescriptionAttributeTest" name="test3" time="0.000"/>
  <system-out/>
  <testcase classname="test.DescriptionAttributeTest" name="test2" time="0.001"/>
  <system-out/>
</testsuite> <!-- test.DescriptionAttributeTest -->
