<?xml version="1.0" encoding="UTF-8"?>
<!-- Generated by org.testng.reporters.JUnitReportReporter -->
<testsuite hostname="SUBHA-DAS" failures="0" tests="2" name="parallelExecution.ParalalExecution" time="16.983" errors="0" timestamp="2022-05-09T11:08:00 IST" skipped="0">
  <testcase classname="parallelExecution.ParalalExecution" name="chromeTest1" time="9.066"/>
  <system-out/>
  <testcase classname="parallelExecution.ParalalExecution" name="chromeTest2" time="7.917"/>
  <system-out/>
</testsuite> <!-- parallelExecution.ParalalExecution -->
