<?xml version="1.0" encoding="UTF-8"?>
<!-- Generated by org.testng.reporters.JUnitReportReporter -->
<testsuite hostname="SUBHA-DAS" failures="0" tests="1" name="parameterConcept.Parameter" time="0.009" errors="0" timestamp="2022-05-06T13:05:18 IST" skipped="0">
  <testcase classname="parameterConcept.Parameter" name="f" time="0.009"/>
  <system-out/>
</testsuite> <!-- parameterConcept.Parameter -->
