<?xml version="1.0" encoding="UTF-8"?>
<!-- Generated by org.testng.reporters.JUnitReportReporter -->
<testsuite hostname="SUBHA-DAS" failures="0" tests="3" name="test.DependsOnAtrribute" time="0.008" errors="0" timestamp="2022-05-05T12:43:23 IST" skipped="0">
  <testcase classname="test.DependsOnAtrribute" name="webStudent" time="0.002"/>
  <system-out/>
  <testcase classname="test.DependsOnAtrribute" name="TabStudent" time="0.002"/>
  <system-out/>
  <testcase classname="test.DependsOnAtrribute" name="mobileStudent" time="0.004"/>
  <system-out/>
</testsuite> <!-- test.DependsOnAtrribute -->
