<?xml version="1.0" encoding="UTF-8"?>
<!-- Generated by org.testng.reporters.JUnitReportReporter -->
<testsuite hostname="SUBHA-DAS" failures="0" tests="1" name="test.NewTest" time="26.781" errors="0" timestamp="2022-05-05T12:43:23 IST" skipped="0">
  <testcase classname="test.NewTest" name="f" time="26.781"/>
  <system-out/>
</testsuite> <!-- test.NewTest -->
