<?xml version="1.0" encoding="UTF-8"?>
<!-- Generated by org.testng.reporters.JUnitReportReporter -->
<testsuite hostname="SUBHA-DAS" failures="0" tests="3" name="listenerConcept.ListenerTest" time="0.027" errors="0" timestamp="2022-05-09T11:54:33 IST" skipped="1">
  <testcase classname="listenerConcept.ListenerTest" name="test2" time="0.001"/>
  <system-out/>
  <testcase classname="listenerConcept.ListenerTest" name="test3" time="0.011">
    <skipped/>
  </testcase> <!-- test3 -->
  <system-out/>
  <testcase classname="listenerConcept.ListenerTest" name="test1" time="0.015"/>
  <system-out/>
</testsuite> <!-- listenerConcept.ListenerTest -->
