<?xml version="1.0" encoding="UTF-8"?>
<!-- Generated by org.testng.reporters.JUnitReportReporter -->
<testsuite hostname="SUBHA-DAS" failures="0" tests="2" name="test.ParalalExecution" time="10.627" errors="0" timestamp="2022-05-06T15:17:49 IST" skipped="0">
  <testcase classname="test.ParalalExecution" name="chromeTest1" time="8.702"/>
  <system-out/>
  <testcase classname="test.ParalalExecution" name="chromeTest2" time="1.925"/>
  <system-out/>
</testsuite> <!-- test.ParalalExecution -->
