<?xml version="1.0" encoding="UTF-8"?>
<!-- Generated by org.testng.reporters.JUnitReportReporter -->
<testsuite hostname="SUBHA-DAS" failures="0" tests="1" name="group.Car_Loan" time="0.010" errors="0" timestamp="2022-05-06T12:56:01 IST" skipped="0">
  <testcase classname="group.Car_Loan" name="APILoginCarLoan" time="0.010"/>
  <system-out/>
</testsuite> <!-- group.Car_Loan -->
