<?xml version="1.0" encoding="UTF-8"?>
<!-- Generated by org.testng.reporters.JUnitReportReporter -->
<testsuite hostname="SUBHA-DAS" failures="0" tests="1" name="group.Personal_Loan" time="0.001" errors="0" timestamp="2022-05-06T12:56:01 IST" skipped="0">
  <testcase classname="group.Personal_Loan" name="WebLoginPersonalLoan" time="0.001"/>
  <system-out/>
</testsuite> <!-- group.Personal_Loan -->
