<?xml version="1.0" encoding="UTF-8"?>
<!-- Generated by org.testng.reporters.JUnitReportReporter -->
<testsuite hostname="SUBHA-DAS" failures="0" tests="2" name="test.DemoTestNG" time="13.526" errors="0" timestamp="2022-05-05T12:43:23 IST" skipped="0">
  <testcase classname="test.DemoTestNG" name="firstTestCase" time="6.883"/>
  <system-out/>
  <testcase classname="test.DemoTestNG" name="secondTestCase" time="6.643"/>
  <system-out/>
</testsuite> <!-- test.DemoTestNG -->
