<?xml version="1.0" encoding="UTF-8"?>
<!-- Generated by org.testng.reporters.JUnitReportReporter -->
<testsuite hostname="SUBHA-DAS" failures="0" tests="3" name="dataProvider.DataproviderExcel" time="0.011" errors="0" timestamp="2022-05-09T12:13:58 IST" skipped="0">
  <testcase classname="dataProvider.DataproviderExcel" name="test1" time="0.001"/>
  <system-out/>
  <testcase classname="dataProvider.DataproviderExcel" name="test1" time="0.009"/>
  <system-out/>
  <testcase classname="dataProvider.DataproviderExcel" name="test1" time="0.001"/>
  <system-out/>
</testsuite> <!-- dataProvider.DataproviderExcel -->
