<?xml version="1.0" encoding="UTF-8"?>
<!-- Generated by org.testng.reporters.JUnitReportReporter -->
<testsuite hostname="SUBHA-DAS" failures="0" tests="2" name="annotaion.AnnoatationTest" time="0.009" errors="0" timestamp="2022-05-06T13:00:06 IST" skipped="0">
  <testcase classname="annotaion.AnnoatationTest" name="testMethod2" time="0.003"/>
  <system-out/>
  <testcase classname="annotaion.AnnoatationTest" name="testMethod1" time="0.006"/>
  <system-out/>
</testsuite> <!-- annotaion.AnnoatationTest -->
