<?xml version="1.0" encoding="UTF-8"?>
<!-- Generated by org.testng.reporters.JUnitReportReporter -->
<testsuite hostname="SUBHA-DAS" failures="0" tests="3" name="test.EnableAttribute" time="0.004" errors="0" timestamp="2022-05-05T12:43:23 IST" skipped="1">
  <testcase classname="test.EnableAttribute" name="landingPage" time="0.002"/>
  <system-out/>
  <testcase classname="test.EnableAttribute" name="loginPage" time="0.002"/>
  <system-out/>
  <testcase classname="test.EnableAttribute" name="registrationPage">
    <skipped/>
  </testcase> <!-- registrationPage -->
  <system-out/>
</testsuite> <!-- test.EnableAttribute -->
