<?xml version="1.0" encoding="UTF-8"?>
<!-- Generated by org.testng.reporters.JUnitReportReporter -->
<testsuite hostname="SUBHA-DAS" failures="0" tests="2" name="dataProvider.DataProviderTest" time="19.901" errors="0" timestamp="2022-05-06T15:20:29 IST" skipped="0">
  <testcase classname="dataProvider.DataProviderTest" name="f" time="8.873"/>
  <system-out/>
  <testcase classname="dataProvider.DataProviderTest" name="f" time="11.028"/>
  <system-out/>
</testsuite> <!-- dataProvider.DataProviderTest -->
