<?xml version="1.0" encoding="UTF-8"?>
<!-- Generated by org.testng.reporters.JUnitReportReporter -->
<testsuite hostname="SUBHA-DAS" failures="0" tests="2" name="test.DataProviderTest" time="19.486" errors="0" timestamp="2022-05-06T11:28:52 IST" skipped="0">
  <testcase classname="test.DataProviderTest" name="f" time="8.779"/>
  <system-out/>
  <testcase classname="test.DataProviderTest" name="f" time="10.707"/>
  <system-out/>
</testsuite> <!-- test.DataProviderTest -->
