<?xml version="1.0" encoding="UTF-8"?>
<!-- Generated by org.testng.reporters.JUnitReportReporter -->
<testsuite hostname="SUBHA-DAS" failures="0" tests="3" name="test.GroupsAttributes$Software_Company" time="0.003" errors="0" timestamp="2022-05-05T12:43:23 IST" skipped="0">
  <testcase classname="test.GroupsAttributes$Software_Company" name="infosys" time="0.001"/>
  <system-out/>
  <testcase classname="test.GroupsAttributes$Software_Company" name="technip" time="0.001"/>
  <system-out/>
  <testcase classname="test.GroupsAttributes$Software_Company" name="wipro" time="0.001"/>
  <system-out/>
</testsuite> <!-- test.GroupsAttributes$Software_Company -->
