<?xml version="1.0" encoding="UTF-8"?>
<!-- Generated by org.testng.reporters.JUnitReportReporter -->
<testsuite hostname="SUBHA-DAS" failures="0" tests="3" name="attributes.DescriptionAttributeTest" time="0.011" errors="0" timestamp="2022-05-06T13:02:15 IST" skipped="0">
  <testcase classname="attributes.DescriptionAttributeTest" name="test2" time="0.001"/>
  <system-out/>
  <testcase classname="attributes.DescriptionAttributeTest" name="test1" time="0.009"/>
  <system-out/>
  <testcase classname="attributes.DescriptionAttributeTest" name="test3" time="0.001"/>
  <system-out/>
</testsuite> <!-- attributes.DescriptionAttributeTest -->
