<?xml version="1.0" encoding="UTF-8"?>
<!-- Generated by org.testng.reporters.JUnitReportReporter -->
<testsuite hostname="SUBHA-DAS" failures="0" tests="3" name="test.PriorityAttribute" time="0.010" errors="0" timestamp="2022-05-05T12:43:23 IST" skipped="0">
  <testcase classname="test.PriorityAttribute" name="landingPage" time="0.005"/>
  <system-out/>
  <testcase classname="test.PriorityAttribute" name="registrationPage" time="0.002"/>
  <system-out/>
  <testcase classname="test.PriorityAttribute" name="loginPage" time="0.003"/>
  <system-out/>
</testsuite> <!-- test.PriorityAttribute -->
