<?xml version="1.0" encoding="UTF-8"?>
<!-- Generated by org.testng.reporters.JUnitReportReporter -->
<testsuite hostname="SUBHA-DAS" failures="0" tests="3" name="test.ListenerTest2" time="0.003" errors="0" timestamp="2022-05-06T12:52:14 IST" skipped="1">
  <testcase classname="test.ListenerTest2" name="test5" time="0.001"/>
  <system-out/>
  <testcase classname="test.ListenerTest2" name="test6" time="0.001">
    <skipped/>
  </testcase> <!-- test6 -->
  <system-out/>
  <testcase classname="test.ListenerTest2" name="test4" time="0.001"/>
  <system-out/>
</testsuite> <!-- test.ListenerTest2 -->
