<?xml version="1.0" encoding="UTF-8"?>
<!-- Generated by org.testng.reporters.JUnitReportReporter -->
<testsuite hostname="SUBHA-DAS" failures="0" tests="2" name="test.AnnoatationTest" time="0.010" errors="0" timestamp="2022-05-05T12:43:23 IST" skipped="0">
  <testcase classname="test.AnnoatationTest" name="testMethod2" time="0.002"/>
  <system-out/>
  <testcase classname="test.AnnoatationTest" name="testMethod1" time="0.008"/>
  <system-out/>
</testsuite> <!-- test.AnnoatationTest -->
