<?xml version="1.0" encoding="UTF-8"?>
<!-- Generated by org.testng.reporters.JUnitReportReporter -->
<testsuite hostname="SUBHA-DAS" failures="0" tests="3" name="test.ListenerTest" time="0.014" errors="0" timestamp="2022-05-06T12:52:14 IST" skipped="1">
  <testcase classname="test.ListenerTest" name="test1" time="0.011"/>
  <system-out/>
  <testcase classname="test.ListenerTest" name="test3" time="0.002">
    <skipped/>
  </testcase> <!-- test3 -->
  <system-out/>
  <testcase classname="test.ListenerTest" name="test2" time="0.001"/>
  <system-out/>
</testsuite> <!-- test.ListenerTest -->
