<?xml version="1.0" encoding="UTF-8"?>
<!-- Generated by org.testng.reporters.JUnitReportReporter -->
<testsuite hostname="SUBHA-DAS" failures="0" tests="3" name="listenerConcept.ListenerTest2" time="0.006" errors="0" timestamp="2022-05-09T11:54:33 IST" skipped="1">
  <testcase classname="listenerConcept.ListenerTest2" name="test6" time="0.002">
    <skipped/>
  </testcase> <!-- test6 -->
  <system-out/>
  <testcase classname="listenerConcept.ListenerTest2" name="test5" time="0.002"/>
  <system-out/>
  <testcase classname="listenerConcept.ListenerTest2" name="test4" time="0.002"/>
  <system-out/>
</testsuite> <!-- listenerConcept.ListenerTest2 -->
